# JRE version: OpenJDK Runtime Environment Temurin-17.0.9+9 (17.0.9+9) (build 17.0.9+9)
# Java VM: OpenJDK 64-Bit Server VM Temurin-17.0.9+9 (17.0.9+9, mixed mode, emulated-client, tiered, compressed oops, compressed class ptrs, g1 gc, windows-amd64)
GC Precious Log:
 CPUs: 6 total, 6 available
 Memory: 16332M
 Large Page Support: Disabled
 NUMA Support: Disabled
 Compressed Oops: Enabled (32-bit)
 Heap Region Size: 1M
 Heap Min Capacity: 8M
 Heap Initial Capacity: 256M
 Heap Max Capacity: 1G
 Pre-touch: Disabled
 Parallel Workers: 6
 Concurrent Workers: 2
 Concurrent Refinement Workers: 6
 Periodic GC: Disabled
Heap:
 garbage-first heap   total 89088K, used 45215K [0x00000000c0000000, 0x0000000100000000)
  region size 1024K, 1 young (1024K), 0 survivors (0K)
 Metaspace       used 61442K, committed 62016K, reserved 1114112K
  class space    used 7347K, committed 7616K, reserved 1048576K
GC Heap History (20 events):
Event: 9992.969 GC heap after
{Heap after GC invocations=909 (full 881):
 garbage-first heap   total 89088K, used 45068K [0x00000000c0000000, 0x0000000100000000)
  region size 1024K, 0 young (0K), 0 survivors (0K)
 Metaspace       used 61452K, committed 62016K, reserved 1114112K
  class space    used 7348K, committed 7616K, reserved 1048576K
}
Event: 10003.322 GC heap before
{Heap before GC invocations=909 (full 881):
 garbage-first heap   total 89088K, used 45068K [0x00000000c0000000, 0x0000000100000000)
  region size 1024K, 1 young (1024K), 0 survivors (0K)
 Metaspace       used 61452K, committed 62016K, reserved 1114112K
  class space    used 7348K, committed 7616K, reserved 1048576K
}
Event: 10003.350 GC heap after
{Heap after GC invocations=910 (full 882):
 garbage-first heap   total 89088K, used 45068K [0x00000000c0000000, 0x0000000100000000)
  region size 1024K, 0 young (0K), 0 survivors (0K)
 Metaspace       used 61452K, committed 62016K, reserved 1114112K
  class space    used 7348K, committed 7616K, reserved 1048576K
}
Event: 10013.714 GC heap before
{Heap before GC invocations=910 (full 882):
 garbage-first heap   total 89088K, used 45068K [0x00000000c0000000, 0x0000000100000000)
  region size 1024K, 1 young (1024K), 0 survivors (0K)
 Metaspace       used 61452K, committed 62016K, reserved 1114112K
  class space    used 7348K, committed 7616K, reserved 1048576K
}
Event: 10013.742 GC heap after
{Heap after GC invocations=911 (full 883):
 garbage-first heap   total 89088K, used 45068K [0x00000000c0000000, 0x0000000100000000)
  region size 1024K, 0 young (0K), 0 survivors (0K)
 Metaspace       used 61452K, committed 62016K, reserved 1114112K
  class space    used 7348K, committed 7616K, reserved 1048576K
}
Event: 10024.093 GC heap before
{Heap before GC invocations=911 (full 883):
 garbage-first heap   total 89088K, used 45068K [0x00000000c0000000, 0x0000000100000000)
  region size 1024K, 1 young (1024K), 0 survivors (0K)
 Metaspace       used 61452K, committed 62016K, reserved 1114112K
  class space    used 7348K, committed 7616K, reserved 1048576K
}
Event: 10024.124 GC heap after
{Heap after GC invocations=912 (full 884):
 garbage-first heap   total 89088K, used 45056K [0x00000000c0000000, 0x0000000100000000)
  region size 1024K, 0 young (0K), 0 survivors (0K)
 Metaspace       used 61442K, committed 62016K, reserved 1114112K
  class space    used 7347K, committed 7616K, reserved 1048576K
}
Event: 10034.590 GC heap before
{Heap before GC invocations=912 (full 884):
 garbage-first heap   total 89088K, used 45056K [0x00000000c0000000, 0x0000000100000000)
  region size 1024K, 1 young (1024K), 0 survivors (0K)
 Metaspace       used 61442K, committed 62016K, reserved 1114112K
  class space    used 7347K, committed 7616K, reserved 1048576K
}
Event: 10034.621 GC heap after
{Heap after GC invocations=913 (full 885):
 garbage-first heap   total 89088K, used 45056K [0x00000000c0000000, 0x0000000100000000)
  region size 1024K, 0 young (0K), 0 survivors (0K)
 Metaspace       used 61442K, committed 62016K, reserved 1114112K
  class space    used 7347K, committed 7616K, reserved 1048576K
}
Event: 10044.988 GC heap before
{Heap before GC invocations=913 (full 885):
 garbage-first heap   total 89088K, used 45056K [0x00000000c0000000, 0x0000000100000000)
  region size 1024K, 1 young (1024K), 0 survivors (0K)
 Metaspace       used 61442K, committed 62016K, reserved 1114112K
  class space    used 7347K, committed 7616K, reserved 1048576K
}
Event: 10045.016 GC heap after
{Heap after GC invocations=914 (full 886):
 garbage-first heap   total 89088K, used 45056K [0x00000000c0000000, 0x0000000100000000)
  region size 1024K, 0 young (0K), 0 survivors (0K)
 Metaspace       used 61442K, committed 62016K, reserved 1114112K
  class space    used 7347K, committed 7616K, reserved 1048576K
}
Event: 10055.377 GC heap before
{Heap before GC invocations=914 (full 886):
 garbage-first heap   total 89088K, used 45056K [0x00000000c0000000, 0x0000000100000000)
  region size 1024K, 1 young (1024K), 0 survivors (0K)
 Metaspace       used 61442K, committed 62016K, reserved 1114112K
  class space    used 7347K, committed 7616K, reserved 1048576K
}
Event: 10055.406 GC heap after
{Heap after GC invocations=915 (full 887):
 garbage-first heap   total 89088K, used 45056K [0x00000000c0000000, 0x0000000100000000)
  region size 1024K, 0 young (0K), 0 survivors (0K)
 Metaspace       used 61442K, committed 62016K, reserved 1114112K
  class space    used 7347K, committed 7616K, reserved 1048576K
}
Event: 10065.781 GC heap before
{Heap before GC invocations=915 (full 887):
 garbage-first heap   total 89088K, used 45056K [0x00000000c0000000, 0x0000000100000000)
  region size 1024K, 1 young (1024K), 0 survivors (0K)
 Metaspace       used 61442K, committed 62016K, reserved 1114112K
  class space    used 7347K, committed 7616K, reserved 1048576K
}
Event: 10065.809 GC heap after
{Heap after GC invocations=916 (full 888):
 garbage-first heap   total 89088K, used 45056K [0x00000000c0000000, 0x0000000100000000)
  region size 1024K, 0 young (0K), 0 survivors (0K)
 Metaspace       used 61442K, committed 62016K, reserved 1114112K
  class space    used 7347K, committed 7616K, reserved 1048576K
}
Event: 10076.170 GC heap before
{Heap before GC invocations=916 (full 888):
 garbage-first heap   total 89088K, used 45056K [0x00000000c0000000, 0x0000000100000000)
  region size 1024K, 1 young (1024K), 0 survivors (0K)
 Metaspace       used 61442K, committed 62016K, reserved 1114112K
  class space    used 7347K, committed 7616K, reserved 1048576K
}
Event: 10076.198 GC heap after
{Heap after GC invocations=917 (full 889):
 garbage-first heap   total 89088K, used 45056K [0x00000000c0000000, 0x0000000100000000)
  region size 1024K, 0 young (0K), 0 survivors (0K)
 Metaspace       used 61442K, committed 62016K, reserved 1114112K
  class space    used 7347K, committed 7616K, reserved 1048576K
}
Event: 10086.542 GC heap before
{Heap before GC invocations=917 (full 889):
 garbage-first heap   total 89088K, used 45056K [0x00000000c0000000, 0x0000000100000000)
  region size 1024K, 1 young (1024K), 0 survivors (0K)
 Metaspace       used 61442K, committed 62016K, reserved 1114112K
  class space    used 7347K, committed 7616K, reserved 1048576K
}
Event: 10086.571 GC heap after
{Heap after GC invocations=918 (full 890):
 garbage-first heap   total 89088K, used 45056K [0x00000000c0000000, 0x0000000100000000)
  region size 1024K, 0 young (0K), 0 survivors (0K)
 Metaspace       used 61442K, committed 62016K, reserved 1114112K
  class space    used 7347K, committed 7616K, reserved 1048576K
}
Event: 12910.040 GC heap before
{Heap before GC invocations=918 (full 890):
 garbage-first heap   total 89088K, used 45056K [0x00000000c0000000, 0x0000000100000000)
  region size 1024K, 1 young (1024K), 0 survivors (0K)
 Metaspace       used 61442K, committed 62016K, reserved 1114112K
  class space    used 7347K, committed 7616K, reserved 1048576K
}

